<?xml version="1.0" encoding="UTF-8"?>
<!-- Generated by org.testng.reporters.JUnitXMLReporter -->
<testsuite ignored="0" hostname="DESKTOP-JMPP5H9" failures="0" tests="6" name="Personal Loan" time="0.058" errors="0" timestamp="2022-12-16T10:44:53 IST">
  <testcase classname="com.testng.Day2" name="demo" time="0.007"/>
  <testcase classname="com.testng.Day1" name="demo" time="0.001"/>
  <testcase classname="com.testng.Day1" name="demo1" time="0.002"/>
  <testcase classname="com.testng.Day4" name="apiLoginHomeLoan" time="0.002"/>
  <testcase classname="com.testng.Day4" name="mobilLoginHomeLoan" time="0.001"/>
  <testcase classname="com.testng.Day4" name="webLoginHomeLoan" time="0.0"/>
</testsuite> <!-- Personal Loan -->
