<?xml version="1.0" encoding="UTF-8"?>
<!-- Generated by org.testng.reporters.JUnitXMLReporter -->
<testsuite ignored="0" hostname="DESKTOP-JMPP5H9" failures="0" tests="4" name="Personal Loan" time="0.076" errors="0" timestamp="2022-12-16T19:47:14 IST">
  <testcase classname="com.testng.Day1" name="demo" time="0.007"/>
  <testcase classname="com.testng.Day1" name="demo" time="0.002"/>
  <testcase classname="com.testng.Day1" name="demo" time="0.002"/>
  <testcase classname="com.testng.Day1" name="secondTest" time="0.001"/>
</testsuite> <!-- Personal Loan -->
