<?xml version="1.0" encoding="UTF-8"?>
<testng-results ignored="0" total="1" passed="1" failed="0" skipped="0">
  <reporter-output>
  </reporter-output>
  <suite started-at="2022-12-23T17:20:56 IST" name="Default suite" finished-at="2022-12-23T17:20:56 IST" duration-ms="44">
    <groups>
    </groups>
    <test started-at="2022-12-23T17:20:56 IST" name="Default test" finished-at="2022-12-23T17:20:56 IST" duration-ms="44">
      <class name="com.testng.Day2">
        <test-method signature="secondTest()[pri:0, instance:com.testng.Day2@120f102b]" started-at="2022-12-23T17:20:56 IST" name="secondTest" finished-at="2022-12-23T17:20:56 IST" duration-ms="7" status="PASS">
          <reporter-output>
          </reporter-output>
        </test-method> <!-- secondTest -->
      </class> <!-- com.testng.Day2 -->
    </test> <!-- Default test -->
  </suite> <!-- Default suite -->
</testng-results>
